<?xml version="1.0" encoding="UTF-8"?>
<testsuite xmlns:xsi="http://www.w3.org/2001/XMLSchema-instance" xsi:noNamespaceSchemaLocation="https://maven.apache.org/surefire/maven-surefire-plugin/xsd/surefire-test-report-3.0.xsd" version="3.0" name="matchle.CorpusTest" time="0.036" tests="8" errors="0" skipped="0" failures="0">
  <properties>
[...]
</properties>
  <testcase name="testCorpusIterator" classname="matchle.CorpusTest" time="0.018"/>
  <testcase name="testAddNull" classname="matchle.CorpusTest" time="0.001"/>
  <testcase name="testCorpusDoesNotContainNonexistentWord" classname="matchle.CorpusTest" time="0.001"/>
  <testcase name="testCorpusContainsAddedWords" classname="matchle.CorpusTest" time="0.001"/>
  <testcase name="testEmptyCorpus" classname="matchle.CorpusTest" time="0.001"/>
  <testcase name="testCorpusStream" classname="matchle.CorpusTest" time="0.0"/>
  <testcase name="testInconsistentWordSizes" classname="matchle.CorpusTest" time="0.0"/>
  <testcase name="testCorpusWordSize" classname="matchle.CorpusTest" time="0.0"/>
</testsuite>